{
  "stats": {
    "suites": 1,
    "tests": 1,
    "passes": 1,
    "pending": 0,
    "failures": 0,
    "start": "2026-03-25T06:34:30.912Z",
    "end": "2026-03-25T06:34:36.085Z",
    "duration": 5173,
    "testsRegistered": 1,
    "passPercent": 100,
    "pendingPercent": 0,
    "other": 0,
    "hasOther": false,
    "skipped": 0,
    "hasSkipped": false
  },
  "results": [
    {
      "uuid": "fc7f4ec3-b283-4813-9c15-2940c77afdde",
      "title": "",
      "fullFile": "cypress\\e2e\\login.cy.js",
      "file": "cypress\\e2e\\login.cy.js",
      "beforeHooks": [],
      "afterHooks": [],
      "tests": [],
      "suites": [
        {
          "uuid": "d57e21ac-ac97-4163-bd17-8b9cf61e8015",
          "title": "Login Test Suite",
          "fullFile": "",
          "file": "",
          "beforeHooks": [],
          "afterHooks": [],
          "tests": [
            {
              "title": "Valid Login Test",
              "fullTitle": "Login Test Suite Valid Login Test",
              "timedOut": null,
              "duration": 2431,
              "state": "passed",
              "speed": "fast",
              "pass": true,
              "fail": false,
              "pending": false,
              "context": null,
              "code": "cy.fixture('user').then(user => {\n  _LoginPage.default.enterUsername(user.username);\n  _LoginPage.default.enterPassword(user.password);\n  _LoginPage.default.clickLogin();\n  _LoginPage.default.verifyLoginSuccess();\n});",
              "err": {},
              "uuid": "87442958-c2f8-40c3-97b6-a28540f9a383",
              "parentUUID": "d57e21ac-ac97-4163-bd17-8b9cf61e8015",
              "isHook": false,
              "skipped": false
            }
          ],
          "suites": [],
          "passes": [
            "87442958-c2f8-40c3-97b6-a28540f9a383"
          ],
          "failures": [],
          "pending": [],
          "skipped": [],
          "duration": 2431,
          "root": false,
          "rootEmpty": false,
          "_timeout": 2000
        }
      ],
      "passes": [],
      "failures": [],
      "pending": [],
      "skipped": [],
      "duration": 0,
      "root": true,
      "rootEmpty": true,
      "_timeout": 2000
    }
  ],
  "meta": {
    "mocha": {
      "version": "7.2.0"
    },
    "mochawesome": {
      "options": {
        "quiet": false,
        "reportFilename": "mochawesome",
        "saveHtml": true,
        "saveJson": true,
        "consoleReporter": "spec",
        "useInlineDiffs": false,
        "code": true
      },
      "version": "7.1.4"
    },
    "marge": {
      "options": {
        "reportDir": "cypress/reports",
        "overwrite": false,
        "html": true,
        "json": true
      },
      "version": "6.3.2"
    }
  }
}