{
  "stats": {
    "suites": 1,
    "tests": 1,
    "passes": 1,
    "pending": 0,
    "failures": 0,
    "start": "2026-03-27T09:22:22.683Z",
    "end": "2026-03-27T09:22:31.084Z",
    "duration": 8401,
    "testsRegistered": 1,
    "passPercent": 100,
    "pendingPercent": 0,
    "other": 0,
    "hasOther": false,
    "skipped": 0,
    "hasSkipped": false
  },
  "results": [
    {
      "uuid": "cb7a258e-2b86-4a62-b867-1c410b526fa2",
      "title": "",
      "fullFile": "cypress\\e2e\\BC_login..cy.js",
      "file": "cypress\\e2e\\BC_login..cy.js",
      "beforeHooks": [],
      "afterHooks": [],
      "tests": [],
      "suites": [
        {
          "uuid": "ba79bc27-780b-4735-afec-d63431d2e6e7",
          "title": "New Test Suite",
          "fullFile": "",
          "file": "",
          "beforeHooks": [],
          "afterHooks": [],
          "tests": [
            {
              "title": "Test case",
              "fullTitle": "New Test Suite Test case",
              "timedOut": null,
              "duration": 5577,
              "state": "passed",
              "speed": "medium",
              "pass": true,
              "fail": false,
              "pending": false,
              "context": null,
              "code": "cy.visit('https://BeckmanCoulter.com');",
              "err": {},
              "uuid": "efe5d7a1-f2f1-413c-b49d-c611b5f5c943",
              "parentUUID": "ba79bc27-780b-4735-afec-d63431d2e6e7",
              "isHook": false,
              "skipped": false
            }
          ],
          "suites": [],
          "passes": [
            "efe5d7a1-f2f1-413c-b49d-c611b5f5c943"
          ],
          "failures": [],
          "pending": [],
          "skipped": [],
          "duration": 5577,
          "root": false,
          "rootEmpty": false,
          "_timeout": 2000
        }
      ],
      "passes": [],
      "failures": [],
      "pending": [],
      "skipped": [],
      "duration": 0,
      "root": true,
      "rootEmpty": true,
      "_timeout": 2000
    }
  ],
  "meta": {
    "mocha": {
      "version": "7.2.0"
    },
    "mochawesome": {
      "options": {
        "quiet": false,
        "reportFilename": "mochawesome",
        "saveHtml": true,
        "saveJson": true,
        "consoleReporter": "spec",
        "useInlineDiffs": false,
        "code": true
      },
      "version": "7.1.4"
    },
    "marge": {
      "options": {
        "reportDir": "cypress/reports",
        "overwrite": false,
        "html": true,
        "json": true
      },
      "version": "6.3.2"
    }
  }
}