{
  "stats": {
    "suites": 1,
    "tests": 1,
    "passes": 1,
    "pending": 0,
    "failures": 0,
    "start": "2026-03-27T11:57:40.350Z",
    "end": "2026-03-27T11:57:46.202Z",
    "duration": 5852,
    "testsRegistered": 1,
    "passPercent": 100,
    "pendingPercent": 0,
    "other": 0,
    "hasOther": false,
    "skipped": 0,
    "hasSkipped": false
  },
  "results": [
    {
      "uuid": "e40cddaa-7fc1-44d3-8618-a6e7c551e94d",
      "title": "",
      "fullFile": "cypress\\e2e\\BC_login..cy.js",
      "file": "cypress\\e2e\\BC_login..cy.js",
      "beforeHooks": [],
      "afterHooks": [],
      "tests": [],
      "suites": [
        {
          "uuid": "22da499b-da77-4e14-9584-71286af5d8a6",
          "title": "New Test Suite",
          "fullFile": "",
          "file": "",
          "beforeHooks": [],
          "afterHooks": [],
          "tests": [
            {
              "title": "Test case",
              "fullTitle": "New Test Suite Test case",
              "timedOut": null,
              "duration": 2813,
              "state": "passed",
              "speed": "fast",
              "pass": true,
              "fail": false,
              "pending": false,
              "context": null,
              "code": "cy.visit('https://BeckmanCoulter.com');",
              "err": {},
              "uuid": "ce5697f4-6529-4832-9dd0-44c252586f0a",
              "parentUUID": "22da499b-da77-4e14-9584-71286af5d8a6",
              "isHook": false,
              "skipped": false
            }
          ],
          "suites": [],
          "passes": [
            "ce5697f4-6529-4832-9dd0-44c252586f0a"
          ],
          "failures": [],
          "pending": [],
          "skipped": [],
          "duration": 2813,
          "root": false,
          "rootEmpty": false,
          "_timeout": 2000
        }
      ],
      "passes": [],
      "failures": [],
      "pending": [],
      "skipped": [],
      "duration": 0,
      "root": true,
      "rootEmpty": true,
      "_timeout": 2000
    }
  ],
  "meta": {
    "mocha": {
      "version": "7.2.0"
    },
    "mochawesome": {
      "options": {
        "quiet": false,
        "reportFilename": "mochawesome",
        "saveHtml": true,
        "saveJson": true,
        "consoleReporter": "spec",
        "useInlineDiffs": false,
        "code": true
      },
      "version": "7.1.4"
    },
    "marge": {
      "options": {
        "reportDir": "cypress/reports",
        "overwrite": false,
        "html": true,
        "json": true
      },
      "version": "6.3.2"
    }
  }
}