{
  "stats": {
    "suites": 1,
    "tests": 1,
    "passes": 1,
    "pending": 0,
    "failures": 0,
    "start": "2026-03-30T17:28:13.495Z",
    "end": "2026-03-30T17:28:19.858Z",
    "duration": 6363,
    "testsRegistered": 1,
    "passPercent": 100,
    "pendingPercent": 0,
    "other": 0,
    "hasOther": false,
    "skipped": 0,
    "hasSkipped": false
  },
  "results": [
    {
      "uuid": "1db61926-7dfd-45ed-8e0a-5cb1b2e4c3fd",
      "title": "",
      "fullFile": "cypress\\e2e\\BC_login..cy.js",
      "file": "cypress\\e2e\\BC_login..cy.js",
      "beforeHooks": [],
      "afterHooks": [],
      "tests": [],
      "suites": [
        {
          "uuid": "e635b5b7-5dfc-4e1a-8839-ffdb88e6d16a",
          "title": "New Test Suite",
          "fullFile": "",
          "file": "",
          "beforeHooks": [],
          "afterHooks": [],
          "tests": [
            {
              "title": "Test case",
              "fullTitle": "New Test Suite Test case",
              "timedOut": null,
              "duration": 2607,
              "state": "passed",
              "speed": "fast",
              "pass": true,
              "fail": false,
              "pending": false,
              "context": null,
              "code": "cy.visit('https://BeckmanCoulter.com');",
              "err": {},
              "uuid": "3435c1c5-700a-4edb-90cc-087ee2319b1a",
              "parentUUID": "e635b5b7-5dfc-4e1a-8839-ffdb88e6d16a",
              "isHook": false,
              "skipped": false
            }
          ],
          "suites": [],
          "passes": [
            "3435c1c5-700a-4edb-90cc-087ee2319b1a"
          ],
          "failures": [],
          "pending": [],
          "skipped": [],
          "duration": 2607,
          "root": false,
          "rootEmpty": false,
          "_timeout": 2000
        }
      ],
      "passes": [],
      "failures": [],
      "pending": [],
      "skipped": [],
      "duration": 0,
      "root": true,
      "rootEmpty": true,
      "_timeout": 2000
    }
  ],
  "meta": {
    "mocha": {
      "version": "7.2.0"
    },
    "mochawesome": {
      "options": {
        "quiet": false,
        "reportFilename": "mochawesome",
        "saveHtml": true,
        "saveJson": true,
        "consoleReporter": "spec",
        "useInlineDiffs": false,
        "code": true
      },
      "version": "7.1.4"
    },
    "marge": {
      "options": {
        "reportDir": "cypress/reports",
        "overwrite": false,
        "html": true,
        "json": true
      },
      "version": "6.3.2"
    }
  }
}