{
  "stats": {
    "suites": 1,
    "tests": 1,
    "passes": 1,
    "pending": 0,
    "failures": 0,
    "start": "2026-03-27T09:22:33.815Z",
    "end": "2026-03-27T09:22:38.699Z",
    "duration": 4884,
    "testsRegistered": 1,
    "passPercent": 100,
    "pendingPercent": 0,
    "other": 0,
    "hasOther": false,
    "skipped": 0,
    "hasSkipped": false
  },
  "results": [
    {
      "uuid": "da641173-6fab-4311-bf8f-956886813bc6",
      "title": "",
      "fullFile": "cypress\\e2e\\login.cy.js",
      "file": "cypress\\e2e\\login.cy.js",
      "beforeHooks": [],
      "afterHooks": [],
      "tests": [],
      "suites": [
        {
          "uuid": "66904a1a-aed8-4fac-baa1-71da88441d13",
          "title": "Login Test Suite",
          "fullFile": "",
          "file": "",
          "beforeHooks": [],
          "afterHooks": [],
          "tests": [
            {
              "title": "Valid Login Test",
              "fullTitle": "Login Test Suite Valid Login Test",
              "timedOut": null,
              "duration": 2366,
              "state": "passed",
              "speed": "fast",
              "pass": true,
              "fail": false,
              "pending": false,
              "context": null,
              "code": "cy.fixture('user').then(user => {\n  _LoginPage.default.enterUsername(user.username);\n  _LoginPage.default.enterPassword(user.password);\n  _LoginPage.default.clickLogin();\n  _LoginPage.default.verifyLoginSuccess();\n});",
              "err": {},
              "uuid": "51839e02-8536-4e0d-bd78-318800c00ef4",
              "parentUUID": "66904a1a-aed8-4fac-baa1-71da88441d13",
              "isHook": false,
              "skipped": false
            }
          ],
          "suites": [],
          "passes": [
            "51839e02-8536-4e0d-bd78-318800c00ef4"
          ],
          "failures": [],
          "pending": [],
          "skipped": [],
          "duration": 2366,
          "root": false,
          "rootEmpty": false,
          "_timeout": 2000
        }
      ],
      "passes": [],
      "failures": [],
      "pending": [],
      "skipped": [],
      "duration": 0,
      "root": true,
      "rootEmpty": true,
      "_timeout": 2000
    }
  ],
  "meta": {
    "mocha": {
      "version": "7.2.0"
    },
    "mochawesome": {
      "options": {
        "quiet": false,
        "reportFilename": "mochawesome",
        "saveHtml": true,
        "saveJson": true,
        "consoleReporter": "spec",
        "useInlineDiffs": false,
        "code": true
      },
      "version": "7.1.4"
    },
    "marge": {
      "options": {
        "reportDir": "cypress/reports",
        "overwrite": false,
        "html": true,
        "json": true
      },
      "version": "6.3.2"
    }
  }
}